#
# An unexpected error has occurred (11)
#
Stack:
/nfs/xilinx/Vivado/2022.1/tps/lnx64/jre11.0.11_9/lib//server/libjvm.so(+0xbefecb) [0x7fdc100c0ecb]
/nfs/xilinx/Vivado/2022.1/tps/lnx64/jre11.0.11_9/lib//server/libjvm.so(JVM_handle_linux_signal+0xd1) [0x7fdc100c7c81]
/nfs/xilinx/Vivado/2022.1/tps/lnx64/jre11.0.11_9/lib//server/libjvm.so(+0xbead23) [0x7fdc100bbd23]
/lib/x86_64-linux-gnu/libc.so.6(+0x38d60) [0x7fdc66ee7d60]
/nfs/xilinx/Vivado/2022.1/lib/lnx64.o/librdi_simbridge_kernel.so(SimBridge::WdbCommonReader::getLatestTime() const+0xc) [0x7fdc1502ed0c]
/nfs/xilinx/Vivado/2022.1/lib/lnx64.o/librdi_simbridge_kernel.so(SimBridge::WdbLiveReader::getLatestTime() const+0x33) [0x7fdc1503fa93]
/nfs/xilinx/Vivado/2022.1/lib/lnx64.o/librdi_wavedata.so(SimBridge::WdbDataSource::getTransitions(SimBridge::DataObj const*, long long, long long, long long, std::vector<SimBridge::Transition, std::allocator<SimBridge::Transition> >&) const+0x6a) [0x7fdc1e892afa]
/nfs/xilinx/Vivado/2022.1/lib/lnx64.o/librdi_wavedata.so(SimBridge::DataObjMgr::getTransitions(SimBridge::DataObj const*, long long, long long, long long, SimBridge::ValueFormat const&, bool, std::vector<SimBridge::Transition, std::allocator<SimBridge::Transition> >&) const+0xb85) [0x7fdc1e88f2c5]
/nfs/xilinx/Vivado/2022.1/lib/lnx64.o/librdi_wavedata.so(SimBridge::DataReader::getTransitions(SimBridge::IDataObj const*, long long, long long, long long, SimBridge::ValueFormat const&, std::vector<SimBridge::Transition, std::allocator<SimBridge::Transition> >&) const+0x99) [0x7fdc1e89c929]
/nfs/xilinx/Vivado/2022.1/lib/lnx64.o/librdi_wavedata.so(SG_Model::ModelImp::getTransitions(SimBridge::IDataObj const*, SG_Model::IDatabase*, long long, long long, long long, SimBridge::ValueFormat const&, bool, std::vector<SimBridge::Transition, std::allocator<SimBridge::Transition> >&) const+0xbd) [0x7fdc1e93c75d]
/nfs/xilinx/Vivado/2022.1/lib/lnx64.o/librdi_wavedata.so(SG_Model::Model::getTransitions(SG_Model::WVDataObject const*, long long, long long, long long, SimBridge::ValueFormat const&, bool, std::vector<SimBridge::Transition, std::allocator<SimBridge::Transition> >&) const+0x12c) [0x7fdc1e93de6c]
/nfs/xilinx/Vivado/2022.1/lib/lnx64.o/librdi_wavedata.so(+0x3608f3) [0x7fdc1e96d8f3]
/nfs/xilinx/Vivado/2022.1/lib/lnx64.o/librdi_wavedata.so(SG_Model::WaveformRender::render(SG_Model::WVDataObject const&)+0x109) [0x7fdc1e969829]
/nfs/xilinx/Vivado/2022.1/lib/lnx64.o/librdi_wavedata.so(WaveViewer::WVWaveformPanel::WaveformTraverser::drawWaveform(SG_Model::WVDataObject const*, int, int)+0x38e) [0x7fdc1e9e410e]
/nfs/xilinx/Vivado/2022.1/lib/lnx64.o/librdi_wavedata.so(WaveViewer::WVWaveformPanel::WaveformTraverser::handleItemSize(WaveViewer::WVTreeWVObjectModel::ITraverseHandler::TraverseItem const&)+0x52) [0x7fdc1e9e43e2]
/nfs/xilinx/Vivado/2022.1/lib/lnx64.o/librdi_wavedata.so(WaveViewer::WVTreeWVObjectModel::traverseYRange(SG_Model::WVDataObject const*, WaveViewer::WVTreeWVObjectModel::ITraverseHandler&, int, int, int&, int&) const+0x234) [0x7fdc1e9c7bc4]
/nfs/xilinx/Vivado/2022.1/lib/lnx64.o/librdi_wavedata.so(WaveViewer::WVTreeWVObjectModel::traverseYRange(SG_Model::WVDataObject const*, WaveViewer::WVTreeWVObjectModel::ITraverseHandler&, int, int, int&, int&) const+0x2be) [0x7fdc1e9c7c4e]
/nfs/xilinx/Vivado/2022.1/lib/lnx64.o/librdi_wavedata.so(WaveViewer::WVTreeWVObjectModel::traverseYRange(WaveViewer::WVTreeWVObjectModel::ITraverseHandler&, int, int) const+0x57) [0x7fdc1e9c7d87]
/nfs/xilinx/Vivado/2022.1/lib/lnx64.o/librdi_wavedata.so(WaveViewer::WVWaveformPanel::getGraphics(HDGDStringStream&, long&)+0x3a9) [0x7fdc1e9e3709]
/nfs/xilinx/Vivado/2022.1/lib/lnx64.o/librdi_wavedata.so(WVExecutiveImp::getGraphicsDataSize()+0x9a) [0x7fdc1e9a003a]
/nfs/xilinx/Vivado/2022.1/lib/lnx64.o/librdi_wavedata.so(WVExecutive::getGraphicsDataSize()+0xf) [0x7fdc1e9a04df]
/nfs/xilinx/Vivado/2022.1/lib/lnx64.o/librdi_wavedata.so(Java_ui_views_waveform_waveformi_WVExecutive_1getGraphicsDataSize+0x17) [0x7fdc1e9ebf87]
[0x7fdc0073de04]
